<?xml version="1.0" encoding="UTF-8"?>
<!-- Generated by org.testng.reporters.JUnitReportReporter -->
<testsuite skipped="0" hostname="DESKTOP-SO8D17M" name="com.dharmik.TestNG" tests="2" failures="0" timestamp="13 Mar 2019 03:07:26 GMT" time="20.986" errors="0">
  <testcase name="alertCheck" time="9.968" classname="com.dharmik.TestNG"/>
  <testcase name="actionCheck" time="11.018" classname="com.dharmik.TestNG"/>
</testsuite> <!-- com.dharmik.TestNG -->
